
*** Running vivado
    with args -log cpu_design_jump_predictor_0_0.vds -m64 -product Vivado -mode batch -messageDb vivado.pb -notrace -source cpu_design_jump_predictor_0_0.tcl


****** Vivado v2019.1 (64-bit)
  **** SW Build 2552052 on Fri May 24 14:49:42 MDT 2019
  **** IP Build 2548770 on Fri May 24 18:01:18 MDT 2019
    ** Copyright 1986-2019 Xilinx, Inc. All Rights Reserved.

source cpu_design_jump_predictor_0_0.tcl -notrace
create_project: Time (s): cpu = 00:00:06 ; elapsed = 00:00:09 . Memory (MB): peak = 354.988 ; gain = 59.551
INFO: [IP_Flow 19-234] Refreshing IP repositories
INFO: [IP_Flow 19-1700] Loaded user IP repository 'c:/Users/gjz010/Documents/GitHub/ip_repo/l1_cache_1.0'.
INFO: [IP_Flow 19-1700] Loaded user IP repository 'c:/Users/gjz010/Documents/GitHub/ip_repo/sram_1.0'.
INFO: [IP_Flow 19-2313] Loaded Vivado IP repository 'C:/Xilinx/Vivado/2019.1/data/ip'.
Command: synth_design -top cpu_design_jump_predictor_0_0 -part xc7a100tfgg676-2L -mode out_of_context
Starting synth_design
WARNING: [IP_Flow 19-3571] IP 'cpu_design_jump_predictor_0_0' is restricted:
* Module reference is stale and needs refreshing.
Attempting to get a license for feature 'Synthesis' and/or device 'xc7a100t'
INFO: [Common 17-349] Got license for feature 'Synthesis' and/or device 'xc7a100t'
INFO: [Device 21-403] Loading part xc7a100tfgg676-2L
INFO: Launching helper process for spawning children vivado processes
INFO: Helper process launched with PID 22340 
---------------------------------------------------------------------------------
Starting RTL Elaboration : Time (s): cpu = 00:00:12 ; elapsed = 00:00:18 . Memory (MB): peak = 820.680 ; gain = 178.605
---------------------------------------------------------------------------------
INFO: [Synth 8-6157] synthesizing module 'cpu_design_jump_predictor_0_0' [c:/Users/gjz010/Documents/GitHub/thinpad_top/thinpad_top.srcs/sources_1/bd/cpu_design/ip/cpu_design_jump_predictor_0_0/synth/cpu_design_jump_predictor_0_0.v:58]
INFO: [Synth 8-6157] synthesizing module 'jump_predictor' [C:/Users/gjz010/Documents/GitHub/thinpad_top/thinpad_top.srcs/sources_1/new/instruction_fetch_components.v:240]
WARNING: [Synth 8-6014] Unused sequential element shadow_ras_counter_reg was removed.  [C:/Users/gjz010/Documents/GitHub/thinpad_top/thinpad_top.srcs/sources_1/new/instruction_fetch_components.v:359]
INFO: [Synth 8-6155] done synthesizing module 'jump_predictor' (1#1) [C:/Users/gjz010/Documents/GitHub/thinpad_top/thinpad_top.srcs/sources_1/new/instruction_fetch_components.v:240]
INFO: [Synth 8-6155] done synthesizing module 'cpu_design_jump_predictor_0_0' (2#1) [c:/Users/gjz010/Documents/GitHub/thinpad_top/thinpad_top.srcs/sources_1/bd/cpu_design/ip/cpu_design_jump_predictor_0_0/synth/cpu_design_jump_predictor_0_0.v:58]
WARNING: [Synth 8-3331] design jump_predictor has unconnected port commit_is_jal
WARNING: [Synth 8-3331] design jump_predictor has unconnected port commit_is_jalr
---------------------------------------------------------------------------------
Finished RTL Elaboration : Time (s): cpu = 00:00:15 ; elapsed = 00:00:24 . Memory (MB): peak = 887.043 ; gain = 244.969
---------------------------------------------------------------------------------

Report Check Netlist: 
+------+------------------+-------+---------+-------+------------------+
|      |Item              |Errors |Warnings |Status |Description       |
+------+------------------+-------+---------+-------+------------------+
|1     |multi_driven_nets |      0|        0|Passed |Multi driven nets |
+------+------------------+-------+---------+-------+------------------+
---------------------------------------------------------------------------------
Start Handling Custom Attributes
---------------------------------------------------------------------------------
---------------------------------------------------------------------------------
Finished Handling Custom Attributes : Time (s): cpu = 00:00:17 ; elapsed = 00:00:26 . Memory (MB): peak = 887.043 ; gain = 244.969
---------------------------------------------------------------------------------
---------------------------------------------------------------------------------
Finished RTL Optimization Phase 1 : Time (s): cpu = 00:00:17 ; elapsed = 00:00:26 . Memory (MB): peak = 887.043 ; gain = 244.969
---------------------------------------------------------------------------------
INFO: [Project 1-570] Preparing netlist for logic optimization

Processing XDC Constraints
Initializing timing engine
Completed Processing XDC Constraints

Netlist sorting complete. Time (s): cpu = 00:00:00 ; elapsed = 00:00:00.002 . Memory (MB): peak = 1018.676 ; gain = 0.000
INFO: [Project 1-111] Unisim Transformation Summary:
No Unisim elements were transformed.

WARNING: [Constraints 18-5210] No constraints selected for write.
Resolution: This message can indicate that there are no constraints for the design, or it can indicate that the used_in flags are set such that the constraints are ignored. This later case is used when running synth_design to not write synthesis constraints to the resulting checkpoint. Instead, project constraints are read when the synthesized design is opened.
Constraint Validation Runtime : Time (s): cpu = 00:00:01 ; elapsed = 00:00:00.544 . Memory (MB): peak = 1020.672 ; gain = 1.996
---------------------------------------------------------------------------------
Finished Constraint Validation : Time (s): cpu = 00:00:35 ; elapsed = 00:00:48 . Memory (MB): peak = 1020.672 ; gain = 378.598
---------------------------------------------------------------------------------
---------------------------------------------------------------------------------
Start Loading Part and Timing Information
---------------------------------------------------------------------------------
Loading part: xc7a100tfgg676-2L
---------------------------------------------------------------------------------
Finished Loading Part and Timing Information : Time (s): cpu = 00:00:35 ; elapsed = 00:00:48 . Memory (MB): peak = 1020.672 ; gain = 378.598
---------------------------------------------------------------------------------
---------------------------------------------------------------------------------
Start Applying 'set_property' XDC Constraints
---------------------------------------------------------------------------------
---------------------------------------------------------------------------------
Finished applying 'set_property' XDC Constraints : Time (s): cpu = 00:00:35 ; elapsed = 00:00:48 . Memory (MB): peak = 1020.672 ; gain = 378.598
---------------------------------------------------------------------------------
INFO: [Synth 8-5818] HDL ADVISOR - The operator resource <adder> is shared. To prevent sharing consider applying a KEEP on the output of the operator [C:/Users/gjz010/Documents/GitHub/thinpad_top/thinpad_top.srcs/sources_1/new/instruction_fetch_components.v:367]
---------------------------------------------------------------------------------
Finished RTL Optimization Phase 2 : Time (s): cpu = 00:00:38 ; elapsed = 00:00:51 . Memory (MB): peak = 1020.672 ; gain = 378.598
---------------------------------------------------------------------------------

Report RTL Partitions: 
+-+--------------+------------+----------+
| |RTL Partition |Replication |Instances |
+-+--------------+------------+----------+
+-+--------------+------------+----------+
---------------------------------------------------------------------------------
Start RTL Component Statistics 
---------------------------------------------------------------------------------
Detailed RTL Component Info : 
+---Adders : 
	   2 Input      6 Bit       Adders := 2     
	   2 Input      5 Bit       Adders := 3     
+---Registers : 
	               64 Bit    Registers := 64    
	                6 Bit    Registers := 1     
	                5 Bit    Registers := 2     
+---Muxes : 
	   2 Input     64 Bit        Muxes := 65    
	   2 Input      5 Bit        Muxes := 7     
	   2 Input      2 Bit        Muxes := 1     
	   4 Input      1 Bit        Muxes := 4     
	   2 Input      1 Bit        Muxes := 103   
	   3 Input      1 Bit        Muxes := 64    
---------------------------------------------------------------------------------
Finished RTL Component Statistics 
---------------------------------------------------------------------------------
---------------------------------------------------------------------------------
Start RTL Hierarchical Component Statistics 
---------------------------------------------------------------------------------
Hierarchical RTL Component report 
Module jump_predictor 
Detailed RTL Component Info : 
+---Adders : 
	   2 Input      6 Bit       Adders := 2     
	   2 Input      5 Bit       Adders := 3     
+---Registers : 
	               64 Bit    Registers := 64    
	                6 Bit    Registers := 1     
	                5 Bit    Registers := 2     
+---Muxes : 
	   2 Input     64 Bit        Muxes := 65    
	   2 Input      5 Bit        Muxes := 7     
	   2 Input      2 Bit        Muxes := 1     
	   4 Input      1 Bit        Muxes := 4     
	   2 Input      1 Bit        Muxes := 103   
	   3 Input      1 Bit        Muxes := 64    
---------------------------------------------------------------------------------
Finished RTL Hierarchical Component Statistics
---------------------------------------------------------------------------------
---------------------------------------------------------------------------------
Start Part Resource Summary
---------------------------------------------------------------------------------
Part Resources:
DSPs: 240 (col length:80)
BRAMs: 270 (col length: RAMB18 80 RAMB36 40)
---------------------------------------------------------------------------------
Finished Part Resource Summary
---------------------------------------------------------------------------------
---------------------------------------------------------------------------------
Start Cross Boundary and Area Optimization
---------------------------------------------------------------------------------
Warning: Parallel synthesis criteria is not met 
WARNING: [Synth 8-3331] design jump_predictor has unconnected port commit_is_jal
WARNING: [Synth 8-3331] design jump_predictor has unconnected port commit_is_jalr
---------------------------------------------------------------------------------
Finished Cross Boundary and Area Optimization : Time (s): cpu = 00:01:02 ; elapsed = 00:01:19 . Memory (MB): peak = 1020.672 ; gain = 378.598
---------------------------------------------------------------------------------

Report RTL Partitions: 
+-+--------------+------------+----------+
| |RTL Partition |Replication |Instances |
+-+--------------+------------+----------+
+-+--------------+------------+----------+
---------------------------------------------------------------------------------
Start Applying XDC Timing Constraints
---------------------------------------------------------------------------------
---------------------------------------------------------------------------------
Finished Applying XDC Timing Constraints : Time (s): cpu = 00:01:23 ; elapsed = 00:01:46 . Memory (MB): peak = 1020.672 ; gain = 378.598
---------------------------------------------------------------------------------
---------------------------------------------------------------------------------
Start Timing Optimization
---------------------------------------------------------------------------------
---------------------------------------------------------------------------------
Finished Timing Optimization : Time (s): cpu = 00:01:24 ; elapsed = 00:01:47 . Memory (MB): peak = 1020.672 ; gain = 378.598
---------------------------------------------------------------------------------

Report RTL Partitions: 
+-+--------------+------------+----------+
| |RTL Partition |Replication |Instances |
+-+--------------+------------+----------+
+-+--------------+------------+----------+
---------------------------------------------------------------------------------
Start Technology Mapping
---------------------------------------------------------------------------------
---------------------------------------------------------------------------------
Finished Technology Mapping : Time (s): cpu = 00:01:28 ; elapsed = 00:01:52 . Memory (MB): peak = 1031.574 ; gain = 389.500
---------------------------------------------------------------------------------

Report RTL Partitions: 
+-+--------------+------------+----------+
| |RTL Partition |Replication |Instances |
+-+--------------+------------+----------+
+-+--------------+------------+----------+
---------------------------------------------------------------------------------
Start IO Insertion
---------------------------------------------------------------------------------
---------------------------------------------------------------------------------
Start Flattening Before IO Insertion
---------------------------------------------------------------------------------
---------------------------------------------------------------------------------
Finished Flattening Before IO Insertion
---------------------------------------------------------------------------------
---------------------------------------------------------------------------------
Start Final Netlist Cleanup
---------------------------------------------------------------------------------
---------------------------------------------------------------------------------
Finished Final Netlist Cleanup
---------------------------------------------------------------------------------
---------------------------------------------------------------------------------
Finished IO Insertion : Time (s): cpu = 00:01:35 ; elapsed = 00:02:02 . Memory (MB): peak = 1045.359 ; gain = 403.285
---------------------------------------------------------------------------------

Report Check Netlist: 
+------+------------------+-------+---------+-------+------------------+
|      |Item              |Errors |Warnings |Status |Description       |
+------+------------------+-------+---------+-------+------------------+
|1     |multi_driven_nets |      0|        0|Passed |Multi driven nets |
+------+------------------+-------+---------+-------+------------------+
---------------------------------------------------------------------------------
Start Renaming Generated Instances
---------------------------------------------------------------------------------
---------------------------------------------------------------------------------
Finished Renaming Generated Instances : Time (s): cpu = 00:01:36 ; elapsed = 00:02:02 . Memory (MB): peak = 1045.359 ; gain = 403.285
---------------------------------------------------------------------------------

Report RTL Partitions: 
+-+--------------+------------+----------+
| |RTL Partition |Replication |Instances |
+-+--------------+------------+----------+
+-+--------------+------------+----------+
---------------------------------------------------------------------------------
Start Rebuilding User Hierarchy
---------------------------------------------------------------------------------
---------------------------------------------------------------------------------
Finished Rebuilding User Hierarchy : Time (s): cpu = 00:01:36 ; elapsed = 00:02:03 . Memory (MB): peak = 1045.359 ; gain = 403.285
---------------------------------------------------------------------------------
---------------------------------------------------------------------------------
Start Renaming Generated Ports
---------------------------------------------------------------------------------
---------------------------------------------------------------------------------
Finished Renaming Generated Ports : Time (s): cpu = 00:01:36 ; elapsed = 00:02:03 . Memory (MB): peak = 1045.359 ; gain = 403.285
---------------------------------------------------------------------------------
---------------------------------------------------------------------------------
Start Handling Custom Attributes
---------------------------------------------------------------------------------
---------------------------------------------------------------------------------
Finished Handling Custom Attributes : Time (s): cpu = 00:01:40 ; elapsed = 00:02:08 . Memory (MB): peak = 1045.359 ; gain = 403.285
---------------------------------------------------------------------------------
---------------------------------------------------------------------------------
Start Renaming Generated Nets
---------------------------------------------------------------------------------
---------------------------------------------------------------------------------
Finished Renaming Generated Nets : Time (s): cpu = 00:01:40 ; elapsed = 00:02:08 . Memory (MB): peak = 1045.359 ; gain = 403.285
---------------------------------------------------------------------------------
---------------------------------------------------------------------------------
Start Writing Synthesis Report
---------------------------------------------------------------------------------

Report BlackBoxes: 
+-+--------------+----------+
| |BlackBox name |Instances |
+-+--------------+----------+
+-+--------------+----------+

Report Cell Usage: 
+------+------+------+
|      |Cell  |Count |
+------+------+------+
|1     |LUT1  |     2|
|2     |LUT2  |    20|
|3     |LUT3  |  1360|
|4     |LUT4  |   598|
|5     |LUT5  |   195|
|6     |LUT6  |   688|
|7     |MUXF7 |   256|
|8     |MUXF8 |   128|
|9     |FDRE  |  4124|
+------+------+------+

Report Instance Areas: 
+------+---------+---------------+------+
|      |Instance |Module         |Cells |
+------+---------+---------------+------+
|1     |top      |               |  7371|
|2     |  inst   |jump_predictor |  7371|
+------+---------+---------------+------+
---------------------------------------------------------------------------------
Finished Writing Synthesis Report : Time (s): cpu = 00:01:40 ; elapsed = 00:02:08 . Memory (MB): peak = 1045.359 ; gain = 403.285
---------------------------------------------------------------------------------
Synthesis finished with 0 errors, 0 critical warnings and 2 warnings.
Synthesis Optimization Runtime : Time (s): cpu = 00:01:15 ; elapsed = 00:01:59 . Memory (MB): peak = 1045.359 ; gain = 269.656
Synthesis Optimization Complete : Time (s): cpu = 00:01:40 ; elapsed = 00:02:09 . Memory (MB): peak = 1045.359 ; gain = 403.285
INFO: [Project 1-571] Translating synthesized netlist
INFO: [Netlist 29-17] Analyzing 384 Unisim elements for replacement
INFO: [Netlist 29-28] Unisim Transformation completed in 0 CPU seconds
WARNING: [Netlist 29-101] Netlist 'cpu_design_jump_predictor_0_0' is not ideal for floorplanning, since the cellview 'jump_predictor' contains a large number of primitives.  Please consider enabling hierarchy in synthesis if you want to do floorplanning.
INFO: [Project 1-570] Preparing netlist for logic optimization
INFO: [Opt 31-138] Pushed 0 inverter(s) to 0 load pin(s).
Netlist sorting complete. Time (s): cpu = 00:00:00 ; elapsed = 00:00:00.005 . Memory (MB): peak = 1045.359 ; gain = 0.000
INFO: [Project 1-111] Unisim Transformation Summary:
No Unisim elements were transformed.

INFO: [Common 17-83] Releasing license: Synthesis
20 Infos, 8 Warnings, 0 Critical Warnings and 0 Errors encountered.
synth_design completed successfully
synth_design: Time (s): cpu = 00:02:00 ; elapsed = 00:02:47 . Memory (MB): peak = 1045.359 ; gain = 666.527
Netlist sorting complete. Time (s): cpu = 00:00:00 ; elapsed = 00:00:00.005 . Memory (MB): peak = 1045.359 ; gain = 0.000
WARNING: [Constraints 18-5210] No constraints selected for write.
Resolution: This message can indicate that there are no constraints for the design, or it can indicate that the used_in flags are set such that the constraints are ignored. This later case is used when running synth_design to not write synthesis constraints to the resulting checkpoint. Instead, project constraints are read when the synthesized design is opened.
INFO: [Common 17-1381] The checkpoint 'C:/Users/gjz010/Documents/GitHub/thinpad_top/thinpad_top.runs/cpu_design_jump_predictor_0_0_synth_1/cpu_design_jump_predictor_0_0.dcp' has been generated.
WARNING: [Common 17-576] 'use_project_ipc' is deprecated. This option is deprecated and no longer used.
Netlist sorting complete. Time (s): cpu = 00:00:00 ; elapsed = 00:00:00.007 . Memory (MB): peak = 1045.359 ; gain = 0.000
WARNING: [Constraints 18-5210] No constraints selected for write.
Resolution: This message can indicate that there are no constraints for the design, or it can indicate that the used_in flags are set such that the constraints are ignored. This later case is used when running synth_design to not write synthesis constraints to the resulting checkpoint. Instead, project constraints are read when the synthesized design is opened.
INFO: [Common 17-1381] The checkpoint 'C:/Users/gjz010/Documents/GitHub/thinpad_top/thinpad_top.runs/cpu_design_jump_predictor_0_0_synth_1/cpu_design_jump_predictor_0_0.dcp' has been generated.
INFO: [runtcl-4] Executing : report_utilization -file cpu_design_jump_predictor_0_0_utilization_synth.rpt -pb cpu_design_jump_predictor_0_0_utilization_synth.pb
INFO: [Common 17-206] Exiting Vivado at Mon Jul 22 00:27:43 2019...
