Copyright 1986-2019 Xilinx, Inc. All Rights Reserved.
------------------------------------------------------------------------------------
| Tool Version : Vivado v.2019.1 (win64) Build 2552052 Fri May 24 14:49:42 MDT 2019
| Date         : Thu Aug  1 22:59:24 2019
| Host         : DESKTOP-D2G6SOG running 64-bit major release  (build 9200)
| Command      : upgrade_ip
| Device       : xc7a100tfgg676-2L
------------------------------------------------------------------------------------

Upgrade Log for IP 'floating_point_4'

1. Summary
----------

SUCCESS in the conversion of floating_point_4 (xilinx.com:ip:floating_point:7.1 (Rev. 8)) to Vivado generation flows.






Copyright 1986-2019 Xilinx, Inc. All Rights Reserved.
------------------------------------------------------------------------------------
| Tool Version : Vivado v.2019.1 (win64) Build 2552052 Fri May 24 14:49:42 MDT 2019
| Date         : Thu Aug  1 22:59:20 2019
| Host         : DESKTOP-D2G6SOG running 64-bit major release  (build 9200)
| Command      : upgrade_ip
| Device       : xc7a100tfgg676-2L
------------------------------------------------------------------------------------

Upgrade Log for IP 'floating_point_0'

1. Summary
----------

SUCCESS in the conversion of floating_point_0 (xilinx.com:ip:floating_point:7.1 (Rev. 8)) to Vivado generation flows.

