
*** Running vivado
    with args -log cpu_design_registers_0_0.vds -m64 -product Vivado -mode batch -messageDb vivado.pb -notrace -source cpu_design_registers_0_0.tcl


****** Vivado v2019.1 (64-bit)
  **** SW Build 2552052 on Fri May 24 14:49:42 MDT 2019
  **** IP Build 2548770 on Fri May 24 18:01:18 MDT 2019
    ** Copyright 1986-2019 Xilinx, Inc. All Rights Reserved.

source cpu_design_registers_0_0.tcl -notrace
create_project: Time (s): cpu = 00:00:06 ; elapsed = 00:00:10 . Memory (MB): peak = 352.484 ; gain = 56.945
INFO: [IP_Flow 19-234] Refreshing IP repositories
INFO: [IP_Flow 19-1700] Loaded user IP repository 'c:/Users/gjz010/Documents/GitHub/ip_repo/thinpad_serial_1.0'.
INFO: [IP_Flow 19-1700] Loaded user IP repository 'c:/Users/gjz010/Documents/GitHub/ip_repo/simple_axilite_slave_1.0'.
INFO: [IP_Flow 19-1700] Loaded user IP repository 'c:/Users/gjz010/Documents/GitHub/ip_repo/axi_simple_master_1.0'.
INFO: [IP_Flow 19-1700] Loaded user IP repository 'c:/Users/gjz010/Documents/GitHub/ip_repo/l1_cache_1.0'.
INFO: [IP_Flow 19-1700] Loaded user IP repository 'c:/Users/gjz010/Documents/GitHub/ip_repo/sram_1.0'.
INFO: [IP_Flow 19-1700] Loaded user IP repository 'c:/Users/gjz010/Documents/GitHub/ip_repo/thinpad_sram_1.0'.
INFO: [IP_Flow 19-2313] Loaded Vivado IP repository 'C:/Xilinx/Vivado/2019.1/data/ip'.
update_ip_catalog: Time (s): cpu = 00:00:02 ; elapsed = 00:00:05 . Memory (MB): peak = 377.313 ; gain = 24.828
Command: synth_design -top cpu_design_registers_0_0 -part xc7a100tfgg676-2L -mode out_of_context
Starting synth_design
WARNING: [IP_Flow 19-3571] IP 'cpu_design_registers_0_0' is restricted:
* Module reference is stale and needs refreshing.
Attempting to get a license for feature 'Synthesis' and/or device 'xc7a100t'
INFO: [Common 17-349] Got license for feature 'Synthesis' and/or device 'xc7a100t'
INFO: [Device 21-403] Loading part xc7a100tfgg676-2L
INFO: Launching helper process for spawning children vivado processes
INFO: Helper process launched with PID 16892 
---------------------------------------------------------------------------------
Starting RTL Elaboration : Time (s): cpu = 00:00:13 ; elapsed = 00:00:23 . Memory (MB): peak = 818.984 ; gain = 177.602
---------------------------------------------------------------------------------
INFO: [Synth 8-6157] synthesizing module 'cpu_design_registers_0_0' [c:/Users/gjz010/Documents/GitHub/thinpad_top/thinpad_top.srcs/sources_1/bd/cpu_design/ip/cpu_design_registers_0_0/synth/cpu_design_registers_0_0.v:58]
INFO: [Synth 8-6157] synthesizing module 'registers' [C:/Users/gjz010/Documents/GitHub/thinpad_top/thinpad_top.srcs/sources_1/new/registers.v:23]
WARNING: [Synth 8-6014] Unused sequential element reg_heap_reg[0] was removed.  [C:/Users/gjz010/Documents/GitHub/thinpad_top/thinpad_top.srcs/sources_1/new/registers.v:52]
INFO: [Synth 8-6155] done synthesizing module 'registers' (1#1) [C:/Users/gjz010/Documents/GitHub/thinpad_top/thinpad_top.srcs/sources_1/new/registers.v:23]
INFO: [Synth 8-6155] done synthesizing module 'cpu_design_registers_0_0' (2#1) [c:/Users/gjz010/Documents/GitHub/thinpad_top/thinpad_top.srcs/sources_1/bd/cpu_design/ip/cpu_design_registers_0_0/synth/cpu_design_registers_0_0.v:58]
WARNING: [Synth 8-3331] design registers has unconnected port commit
---------------------------------------------------------------------------------
Finished RTL Elaboration : Time (s): cpu = 00:00:17 ; elapsed = 00:00:32 . Memory (MB): peak = 885.098 ; gain = 243.715
---------------------------------------------------------------------------------

Report Check Netlist: 
+------+------------------+-------+---------+-------+------------------+
|      |Item              |Errors |Warnings |Status |Description       |
+------+------------------+-------+---------+-------+------------------+
|1     |multi_driven_nets |      0|        0|Passed |Multi driven nets |
+------+------------------+-------+---------+-------+------------------+
---------------------------------------------------------------------------------
Start Handling Custom Attributes
---------------------------------------------------------------------------------
---------------------------------------------------------------------------------
Finished Handling Custom Attributes : Time (s): cpu = 00:00:18 ; elapsed = 00:00:34 . Memory (MB): peak = 885.098 ; gain = 243.715
---------------------------------------------------------------------------------
---------------------------------------------------------------------------------
Finished RTL Optimization Phase 1 : Time (s): cpu = 00:00:18 ; elapsed = 00:00:34 . Memory (MB): peak = 885.098 ; gain = 243.715
---------------------------------------------------------------------------------
INFO: [Project 1-570] Preparing netlist for logic optimization

Processing XDC Constraints
Initializing timing engine
Completed Processing XDC Constraints

Netlist sorting complete. Time (s): cpu = 00:00:00 ; elapsed = 00:00:00.003 . Memory (MB): peak = 1010.555 ; gain = 0.000
INFO: [Project 1-111] Unisim Transformation Summary:
No Unisim elements were transformed.

WARNING: [Constraints 18-5210] No constraints selected for write.
Resolution: This message can indicate that there are no constraints for the design, or it can indicate that the used_in flags are set such that the constraints are ignored. This later case is used when running synth_design to not write synthesis constraints to the resulting checkpoint. Instead, project constraints are read when the synthesized design is opened.
Constraint Validation Runtime : Time (s): cpu = 00:00:01 ; elapsed = 00:00:01 . Memory (MB): peak = 1013.660 ; gain = 3.105
---------------------------------------------------------------------------------
Finished Constraint Validation : Time (s): cpu = 00:00:43 ; elapsed = 00:01:18 . Memory (MB): peak = 1013.660 ; gain = 372.277
---------------------------------------------------------------------------------
---------------------------------------------------------------------------------
Start Loading Part and Timing Information
---------------------------------------------------------------------------------
Loading part: xc7a100tfgg676-2L
---------------------------------------------------------------------------------
Finished Loading Part and Timing Information : Time (s): cpu = 00:00:43 ; elapsed = 00:01:18 . Memory (MB): peak = 1013.660 ; gain = 372.277
---------------------------------------------------------------------------------
---------------------------------------------------------------------------------
Start Applying 'set_property' XDC Constraints
---------------------------------------------------------------------------------
---------------------------------------------------------------------------------
Finished applying 'set_property' XDC Constraints : Time (s): cpu = 00:00:43 ; elapsed = 00:01:18 . Memory (MB): peak = 1013.660 ; gain = 372.277
---------------------------------------------------------------------------------
---------------------------------------------------------------------------------
Finished RTL Optimization Phase 2 : Time (s): cpu = 00:00:45 ; elapsed = 00:01:21 . Memory (MB): peak = 1013.660 ; gain = 372.277
---------------------------------------------------------------------------------

Report RTL Partitions: 
+-+--------------+------------+----------+
| |RTL Partition |Replication |Instances |
+-+--------------+------------+----------+
+-+--------------+------------+----------+
---------------------------------------------------------------------------------
Start RTL Component Statistics 
---------------------------------------------------------------------------------
Detailed RTL Component Info : 
+---Registers : 
	               64 Bit    Registers := 63    
+---Muxes : 
	   2 Input      1 Bit        Muxes := 63    
---------------------------------------------------------------------------------
Finished RTL Component Statistics 
---------------------------------------------------------------------------------
---------------------------------------------------------------------------------
Start RTL Hierarchical Component Statistics 
---------------------------------------------------------------------------------
Hierarchical RTL Component report 
Module registers 
Detailed RTL Component Info : 
+---Registers : 
	               64 Bit    Registers := 63    
+---Muxes : 
	   2 Input      1 Bit        Muxes := 63    
---------------------------------------------------------------------------------
Finished RTL Hierarchical Component Statistics
---------------------------------------------------------------------------------
---------------------------------------------------------------------------------
Start Part Resource Summary
---------------------------------------------------------------------------------
Part Resources:
DSPs: 240 (col length:80)
BRAMs: 270 (col length: RAMB18 80 RAMB36 40)
---------------------------------------------------------------------------------
Finished Part Resource Summary
---------------------------------------------------------------------------------
---------------------------------------------------------------------------------
Start Cross Boundary and Area Optimization
---------------------------------------------------------------------------------
Warning: Parallel synthesis criteria is not met 
WARNING: [Synth 8-3331] design registers has unconnected port commit
---------------------------------------------------------------------------------
Finished Cross Boundary and Area Optimization : Time (s): cpu = 00:01:12 ; elapsed = 00:02:10 . Memory (MB): peak = 1013.660 ; gain = 372.277
---------------------------------------------------------------------------------

Report RTL Partitions: 
+-+--------------+------------+----------+
| |RTL Partition |Replication |Instances |
+-+--------------+------------+----------+
+-+--------------+------------+----------+
---------------------------------------------------------------------------------
Start Applying XDC Timing Constraints
---------------------------------------------------------------------------------
---------------------------------------------------------------------------------
Finished Applying XDC Timing Constraints : Time (s): cpu = 00:01:41 ; elapsed = 00:02:47 . Memory (MB): peak = 1013.660 ; gain = 372.277
---------------------------------------------------------------------------------
---------------------------------------------------------------------------------
Start Timing Optimization
---------------------------------------------------------------------------------
---------------------------------------------------------------------------------
Finished Timing Optimization : Time (s): cpu = 00:01:45 ; elapsed = 00:02:51 . Memory (MB): peak = 1013.660 ; gain = 372.277
---------------------------------------------------------------------------------

Report RTL Partitions: 
+-+--------------+------------+----------+
| |RTL Partition |Replication |Instances |
+-+--------------+------------+----------+
+-+--------------+------------+----------+
---------------------------------------------------------------------------------
Start Technology Mapping
---------------------------------------------------------------------------------
---------------------------------------------------------------------------------
Finished Technology Mapping : Time (s): cpu = 00:01:54 ; elapsed = 00:03:02 . Memory (MB): peak = 1023.852 ; gain = 382.469
---------------------------------------------------------------------------------

Report RTL Partitions: 
+-+--------------+------------+----------+
| |RTL Partition |Replication |Instances |
+-+--------------+------------+----------+
+-+--------------+------------+----------+
---------------------------------------------------------------------------------
Start IO Insertion
---------------------------------------------------------------------------------
---------------------------------------------------------------------------------
Start Flattening Before IO Insertion
---------------------------------------------------------------------------------
---------------------------------------------------------------------------------
Finished Flattening Before IO Insertion
---------------------------------------------------------------------------------
---------------------------------------------------------------------------------
Start Final Netlist Cleanup
---------------------------------------------------------------------------------
---------------------------------------------------------------------------------
Finished Final Netlist Cleanup
---------------------------------------------------------------------------------
---------------------------------------------------------------------------------
Finished IO Insertion : Time (s): cpu = 00:02:04 ; elapsed = 00:03:15 . Memory (MB): peak = 1037.777 ; gain = 396.395
---------------------------------------------------------------------------------

Report Check Netlist: 
+------+------------------+-------+---------+-------+------------------+
|      |Item              |Errors |Warnings |Status |Description       |
+------+------------------+-------+---------+-------+------------------+
|1     |multi_driven_nets |      0|        0|Passed |Multi driven nets |
+------+------------------+-------+---------+-------+------------------+
---------------------------------------------------------------------------------
Start Renaming Generated Instances
---------------------------------------------------------------------------------
---------------------------------------------------------------------------------
Finished Renaming Generated Instances : Time (s): cpu = 00:02:04 ; elapsed = 00:03:15 . Memory (MB): peak = 1037.777 ; gain = 396.395
---------------------------------------------------------------------------------

Report RTL Partitions: 
+-+--------------+------------+----------+
| |RTL Partition |Replication |Instances |
+-+--------------+------------+----------+
+-+--------------+------------+----------+
---------------------------------------------------------------------------------
Start Rebuilding User Hierarchy
---------------------------------------------------------------------------------
---------------------------------------------------------------------------------
Finished Rebuilding User Hierarchy : Time (s): cpu = 00:02:05 ; elapsed = 00:03:16 . Memory (MB): peak = 1037.777 ; gain = 396.395
---------------------------------------------------------------------------------
---------------------------------------------------------------------------------
Start Renaming Generated Ports
---------------------------------------------------------------------------------
---------------------------------------------------------------------------------
Finished Renaming Generated Ports : Time (s): cpu = 00:02:05 ; elapsed = 00:03:16 . Memory (MB): peak = 1037.777 ; gain = 396.395
---------------------------------------------------------------------------------
---------------------------------------------------------------------------------
Start Handling Custom Attributes
---------------------------------------------------------------------------------
---------------------------------------------------------------------------------
Finished Handling Custom Attributes : Time (s): cpu = 00:02:05 ; elapsed = 00:03:16 . Memory (MB): peak = 1037.777 ; gain = 396.395
---------------------------------------------------------------------------------
---------------------------------------------------------------------------------
Start Renaming Generated Nets
---------------------------------------------------------------------------------
---------------------------------------------------------------------------------
Finished Renaming Generated Nets : Time (s): cpu = 00:02:05 ; elapsed = 00:03:16 . Memory (MB): peak = 1037.777 ; gain = 396.395
---------------------------------------------------------------------------------
---------------------------------------------------------------------------------
Start Writing Synthesis Report
---------------------------------------------------------------------------------

Report BlackBoxes: 
+-+--------------+----------+
| |BlackBox name |Instances |
+-+--------------+----------+
+-+--------------+----------+

Report Cell Usage: 
+------+------+------+
|      |Cell  |Count |
+------+------+------+
|1     |LUT5  |   192|
|2     |LUT6  |  2623|
|3     |MUXF7 |  1280|
|4     |MUXF8 |   512|
|5     |FDRE  |  4032|
+------+------+------+

Report Instance Areas: 
+------+---------+----------+------+
|      |Instance |Module    |Cells |
+------+---------+----------+------+
|1     |top      |          |  8639|
|2     |  inst   |registers |  8639|
+------+---------+----------+------+
---------------------------------------------------------------------------------
Finished Writing Synthesis Report : Time (s): cpu = 00:02:05 ; elapsed = 00:03:16 . Memory (MB): peak = 1037.777 ; gain = 396.395
---------------------------------------------------------------------------------
Synthesis finished with 0 errors, 0 critical warnings and 1 warnings.
Synthesis Optimization Runtime : Time (s): cpu = 00:01:37 ; elapsed = 00:02:57 . Memory (MB): peak = 1037.777 ; gain = 267.832
Synthesis Optimization Complete : Time (s): cpu = 00:02:06 ; elapsed = 00:03:17 . Memory (MB): peak = 1037.777 ; gain = 396.395
INFO: [Project 1-571] Translating synthesized netlist
INFO: [Netlist 29-17] Analyzing 1792 Unisim elements for replacement
INFO: [Netlist 29-28] Unisim Transformation completed in 0 CPU seconds
WARNING: [Netlist 29-101] Netlist 'cpu_design_registers_0_0' is not ideal for floorplanning, since the cellview 'registers' contains a large number of primitives.  Please consider enabling hierarchy in synthesis if you want to do floorplanning.
INFO: [Project 1-570] Preparing netlist for logic optimization
INFO: [Opt 31-138] Pushed 0 inverter(s) to 0 load pin(s).
Netlist sorting complete. Time (s): cpu = 00:00:00 ; elapsed = 00:00:00.024 . Memory (MB): peak = 1037.777 ; gain = 0.000
INFO: [Project 1-111] Unisim Transformation Summary:
No Unisim elements were transformed.

INFO: [Common 17-83] Releasing license: Synthesis
23 Infos, 6 Warnings, 0 Critical Warnings and 0 Errors encountered.
synth_design completed successfully
synth_design: Time (s): cpu = 00:02:31 ; elapsed = 00:04:04 . Memory (MB): peak = 1037.777 ; gain = 660.465
Netlist sorting complete. Time (s): cpu = 00:00:00 ; elapsed = 00:00:00.008 . Memory (MB): peak = 1037.777 ; gain = 0.000
WARNING: [Constraints 18-5210] No constraints selected for write.
Resolution: This message can indicate that there are no constraints for the design, or it can indicate that the used_in flags are set such that the constraints are ignored. This later case is used when running synth_design to not write synthesis constraints to the resulting checkpoint. Instead, project constraints are read when the synthesized design is opened.
INFO: [Common 17-1381] The checkpoint 'C:/Users/gjz010/Documents/GitHub/thinpad_top/thinpad_top.runs/cpu_design_registers_0_0_synth_1/cpu_design_registers_0_0.dcp' has been generated.
WARNING: [Common 17-576] 'use_project_ipc' is deprecated. This option is deprecated and no longer used.
Netlist sorting complete. Time (s): cpu = 00:00:00 ; elapsed = 00:00:00.009 . Memory (MB): peak = 1037.777 ; gain = 0.000
WARNING: [Constraints 18-5210] No constraints selected for write.
Resolution: This message can indicate that there are no constraints for the design, or it can indicate that the used_in flags are set such that the constraints are ignored. This later case is used when running synth_design to not write synthesis constraints to the resulting checkpoint. Instead, project constraints are read when the synthesized design is opened.
INFO: [Common 17-1381] The checkpoint 'C:/Users/gjz010/Documents/GitHub/thinpad_top/thinpad_top.runs/cpu_design_registers_0_0_synth_1/cpu_design_registers_0_0.dcp' has been generated.
write_checkpoint: Time (s): cpu = 00:00:05 ; elapsed = 00:00:06 . Memory (MB): peak = 1037.777 ; gain = 0.000
INFO: [runtcl-4] Executing : report_utilization -file cpu_design_registers_0_0_utilization_synth.rpt -pb cpu_design_registers_0_0_utilization_synth.pb
INFO: [Common 17-206] Exiting Vivado at Thu Aug  1 20:03:49 2019...
